[2025-11-05 11:06:47,964][tsl][INFO] - 
**** Experiment config ****
experiment_name: peakweather_wind
mlflow_tracking_uri: null
workers: 0
num_threads: 1
epochs: 200
patience: 40
batch_size: 32
train_batches: 300
grad_clip_val: 5
loss_fn: ens
sampling:
  mc_samples_train: 16
  mc_samples_eval: 11
  mc_samples_test: 100
optimizer:
  name: Adam
  hparams:
    lr: 0.001
nwp_test_set: false
dataset:
  name: Wind-1d
  hparams:
    root: ./data/PeakWeather
    target_channels:
    - wind_u
    - wind_v
    covariate_channels: other
    freq: h
    station_type: meteo_station
  zerowind: 1.0
  splitting:
    first_val_ts:
    - 2024
    - 1
    - 1
    first_test_ts:
    - 2024
    - 3
    - 29
  connectivity:
    threshold: 0.7
    theta: null
    include_self: false
    knn: 8
    layout: csr
  covariates:
    year: true
    day: true
    weekday: false
    mask: true
    u_mask: true
    v: true
  static_attributes:
  - latitude
  - longitude
  - station_height
  - ASPECT_2000M_SIGRATIO1
  - WE_DERIVATIVE_2000M_SIGRATIO1
  - TPI_2000M
  - SN_DERIVATIVE_10000M_SIGRATIO1
  - dem
  - SN_DERIVATIVE_2000M_SIGRATIO1
  - SLOPE_10000M_SIGRATIO1
  - ASPECT_10000M_SIGRATIO1
  - SLOPE_2000M_SIGRATIO1
  - STD_2000M
  - STD_10000M
  - TPI_10000M
  - WE_DERIVATIVE_10000M_SIGRATIO1
window: 24
horizon: 24
stride: 1
scaler:
  method: Standard
  axis: graph
  scale_target: false
model:
  name: rnn_emb
  hparams:
    hidden_size: 128
    emb_size: 32
    add_embedding_before:
    - encoding
    - decoding
    use_local_weights: null
    time_layers: 2
    activation: elu
    noise_mode: lin
lr_scheduler:
  name: MultiStepLR
  hparams:
    gamma: 0.3
    milestones:
    - 40
    - 60
    - 100
run:
  seed: 281094739
  dir: C:\Users\rkalv\Desktop\meteoSwiss\peakweather-wind-forecasting\logs\Wind-1d\rnn_emb\2025-11-05\11-06-47
  name: 2025-11-05_11-06-47_281094739

[2025-11-05 11:07:00,195][tsl][INFO] - Fit and set scaler for target: StandardScaler(bias=(1, 1, 2), scale=(1, 1, 2))
[2025-11-05 11:07:01,718][tsl][WARNING] - Only args ['mc_samples', 'u', 'x', 'edge_index'] are forwarded to the model (GlobalLocalRNNModel).
