[2025-11-19 12:20:26,255][tsl][INFO] - 
**** Experiment config ****
experiment_name: peakweather_temperature
mlflow_tracking_uri: null
workers: 4
num_threads: 4
epochs: 200
patience: 50
batch_size: 32
train_batches: 300
grad_clip_val: 5
loss_fn: mae
sampling:
  mc_samples_train: 16
  mc_samples_eval: 11
  mc_samples_test: 100
optimizer:
  name: Adam
  hparams:
    lr: 0.001
nwp_test_set: false
dataset:
  name: temperature
  hparams:
    root: ./data/PeakWeather
    target_channels:
    - temperature
    covariate_channels: other
    freq: h
    station_type: meteo_station
    extended_nwp_vars:
    - ew_wind
    - humidity
    - nw_wind
    - precipitation
    - pressure
    - sunshine
    - temperature
    - wind_gust
    extended_topo_vars:
    - ASPECT_10000M_SIGRATIO1
    - ASPECT_2000M_SIGRATIO1
    - DEM
    - SLOPE_10000M_SIGRATIO1
    - SLOPE_2000M_SIGRATIO1
    - SN_DERIVATIVE_10000M_SIGRATIO1
    - SN_DERIVATIVE_2000M_SIGRATIO1
    - STD_10000M
    - STD_2000M
    - TPI_10000M
    - TPI_2000M
    - WE_DERIVATIVE_10000M_SIGRATIO1
    - WE_DERIVATIVE_2000M_SIGRATIO1
  zerowind: 1.0
  splitting:
    first_val_ts:
    - 2024
    - 1
    - 1
    first_test_ts:
    - 2024
    - 4
    - 1
  connectivity:
    threshold: 0.7
    theta: null
    include_self: false
    knn: 8
    layout: csr
  covariates:
    year: true
    day: true
    weekday: true
    mask: true
    u_mask: true
    v: true
  static_attributes:
  - latitude
  - longitude
  - station_height
  - ASPECT_10000M_SIGRATIO1
  - ASPECT_2000M_SIGRATIO1
  - dem
  - SLOPE_10000M_SIGRATIO1
  - SLOPE_2000M_SIGRATIO1
  - SN_DERIVATIVE_10000M_SIGRATIO1
  - SN_DERIVATIVE_2000M_SIGRATIO1
  - STD_10000M
  - STD_2000M
  - TPI_10000M
  - TPI_2000M
  - WE_DERIVATIVE_10000M_SIGRATIO1
  - WE_DERIVATIVE_2000M_SIGRATIO1
window: 168
horizon: 24
stride: 1
scaler:
  method: Standard
  axis: graph
  scale_target: true
model:
  name: attn_longterm
  hparams:
    hidden_dim: 128
    patch_len: 12
    max_patches: 28
    long_layers: 4
    long_heads: 4
    long_ff_size: 256
    staw_kernel_size: 3
    staw_dilations:
    - 1
    - 2
    - 4
    staw_attn_heads: 4
    graph_knn: 8
    graph_tau: 0.7
    dropout: 0.2
lr_scheduler:
  name: MultiStepLR
  hparams:
    gamma: 0.3
    milestones:
    - 40
    - 60
    - 100
run:
  seed: 984377885
  dir: /home/jupyter/peakweather/logs/temperature/attn_longterm/2025-11-19/12-20-26
  name: 2025-11-19_12-20-26_984377885

[2025-11-19 12:20:56,190][tsl][INFO] - Fit and set scaler for target: StandardScaler(bias=(1, 1, 1), scale=(1, 1, 1))
[2025-11-19 12:20:57,798][tsl][WARNING] - Only args ['x', 'edge_index', 'u'] are forwarded to the model (AttentionLongTermSTGNN).
[2025-11-19 20:17:51,625][tsl][INFO] - 1.515368103981018
